{"C:\\VSCODE_Personal\\PERN_webdev\\my-fullstack-app\\server\\src\\app.js": {"path":"C:\\VSCODE_Personal\\PERN_webdev\\my-fullstack-app\\server\\src\\app.js","statementMap":{"0":{"start":{"line":2,"column":16},"end":{"line":2,"column":34}},"1":{"start":{"line":3,"column":12},"end":{"line":3,"column":21}},"2":{"start":{"line":4,"column":13},"end":{"line":4,"column":28}},"3":{"start":{"line":5,"column":0},"end":{"line":8,"column":3}},"4":{"start":{"line":9,"column":0},"end":{"line":9,"column":24}},"5":{"start":{"line":10,"column":0},"end":{"line":10,"column":27}},"6":{"start":{"line":11,"column":21},"end":{"line":11,"column":45}},"7":{"start":{"line":12,"column":0},"end":{"line":12,"column":24}},"8":{"start":{"line":15,"column":20},"end":{"line":15,"column":45}},"9":{"start":{"line":16,"column":0},"end":{"line":16,"column":31}},"10":{"start":{"line":19,"column":21},"end":{"line":19,"column":47}},"11":{"start":{"line":20,"column":0},"end":{"line":20,"column":33}},"12":{"start":{"line":23,"column":23},"end":{"line":23,"column":51}},"13":{"start":{"line":24,"column":0},"end":{"line":24,"column":37}},"14":{"start":{"line":26,"column":0},"end":{"line":26,"column":21}}},"fnMap":{},"branchMap":{},"s":{"0":3,"1":3,"2":3,"3":3,"4":3,"5":3,"6":3,"7":3,"8":3,"9":3,"10":3,"11":3,"12":3,"13":3,"14":3},"f":{},"b":{},"_coverageSchema":"1a1c01bbd47fc00a2c39e90264f33305004495a9","hash":"2f636351eeee1e680fdf92498809fa33b800559e"}
,"C:\\VSCODE_Personal\\PERN_webdev\\my-fullstack-app\\server\\src\\db\\database.js": {"path":"C:\\VSCODE_Personal\\PERN_webdev\\my-fullstack-app\\server\\src\\db\\database.js","statementMap":{"0":{"start":{"line":1,"column":17},"end":{"line":1,"column":30}},"1":{"start":{"line":2,"column":15},"end":{"line":2,"column":32}},"2":{"start":{"line":3,"column":0},"end":{"line":5,"column":3}},"3":{"start":{"line":7,"column":13},"end":{"line":13,"column":2}},"4":{"start":{"line":15,"column":0},"end":{"line":15,"column":22}}},"fnMap":{},"branchMap":{"0":{"loc":{"start":{"line":4,"column":10},"end":{"line":4,"column":64}},"type":"cond-expr","locations":[{"start":{"line":4,"column":44},"end":{"line":4,"column":55}},{"start":{"line":4,"column":58},"end":{"line":4,"column":64}}],"line":4}},"s":{"0":4,"1":4,"2":4,"3":4,"4":4},"f":{},"b":{"0":[3,1]},"_coverageSchema":"1a1c01bbd47fc00a2c39e90264f33305004495a9","hash":"ac815f0415e94f0b063f0c4b15ce7a0485a19797"}
,"C:\\VSCODE_Personal\\PERN_webdev\\my-fullstack-app\\server\\src\\middlewares\\authorize.js": {"path":"C:\\VSCODE_Personal\\PERN_webdev\\my-fullstack-app\\server\\src\\middlewares\\authorize.js","statementMap":{"0":{"start":{"line":1,"column":12},"end":{"line":1,"column":35}},"1":{"start":{"line":4,"column":18},"end":{"line":16,"column":1}},"2":{"start":{"line":5,"column":18},"end":{"line":5,"column":35}},"3":{"start":{"line":6,"column":4},"end":{"line":6,"column":72}},"4":{"start":{"line":6,"column":16},"end":{"line":6,"column":72}},"5":{"start":{"line":8,"column":4},"end":{"line":15,"column":5}},"6":{"start":{"line":9,"column":24},"end":{"line":9,"column":65}},"7":{"start":{"line":10,"column":8},"end":{"line":10,"column":27}},"8":{"start":{"line":11,"column":8},"end":{"line":11,"column":15}},"9":{"start":{"line":14,"column":8},"end":{"line":14,"column":75}},"10":{"start":{"line":18,"column":0},"end":{"line":18,"column":27}}},"fnMap":{"0":{"name":"(anonymous_0)","decl":{"start":{"line":4,"column":18},"end":{"line":4,"column":19}},"loc":{"start":{"line":4,"column":38},"end":{"line":16,"column":1}},"line":4}},"branchMap":{"0":{"loc":{"start":{"line":6,"column":4},"end":{"line":6,"column":72}},"type":"if","locations":[{"start":{"line":6,"column":4},"end":{"line":6,"column":72}},{"start":{},"end":{}}],"line":6}},"s":{"0":3,"1":3,"2":3,"3":3,"4":1,"5":2,"6":2,"7":1,"8":1,"9":1,"10":3},"f":{"0":3},"b":{"0":[1,2]},"_coverageSchema":"1a1c01bbd47fc00a2c39e90264f33305004495a9","hash":"e579387b4d7393a65693e6a5a9233cd8adfe5a3d"}
,"C:\\VSCODE_Personal\\PERN_webdev\\my-fullstack-app\\server\\src\\routes\\comments.js": {"path":"C:\\VSCODE_Personal\\PERN_webdev\\my-fullstack-app\\server\\src\\routes\\comments.js","statementMap":{"0":{"start":{"line":1,"column":16},"end":{"line":1,"column":34}},"1":{"start":{"line":2,"column":23},"end":{"line":2,"column":39}},"2":{"start":{"line":3,"column":13},"end":{"line":3,"column":38}},"3":{"start":{"line":6,"column":0},"end":{"line":19,"column":3}},"4":{"start":{"line":7,"column":36},"end":{"line":7,"column":46}},"5":{"start":{"line":9,"column":23},"end":{"line":9,"column":50}},"6":{"start":{"line":10,"column":26},"end":{"line":10,"column":56}},"7":{"start":{"line":12,"column":24},"end":{"line":16,"column":76}},"8":{"start":{"line":18,"column":4},"end":{"line":18,"column":50}},"9":{"start":{"line":22,"column":0},"end":{"line":33,"column":3}},"10":{"start":{"line":23,"column":42},"end":{"line":23,"column":50}},"11":{"start":{"line":25,"column":4},"end":{"line":32,"column":5}},"12":{"start":{"line":26,"column":8},"end":{"line":27,"column":63}},"13":{"start":{"line":28,"column":8},"end":{"line":28,"column":81}},"14":{"start":{"line":31,"column":8},"end":{"line":31,"column":72}},"15":{"start":{"line":36,"column":0},"end":{"line":47,"column":2}},"16":{"start":{"line":37,"column":19},"end":{"line":37,"column":27}},"17":{"start":{"line":39,"column":4},"end":{"line":46,"column":5}},"18":{"start":{"line":40,"column":8},"end":{"line":41,"column":34}},"19":{"start":{"line":42,"column":8},"end":{"line":42,"column":82}},"20":{"start":{"line":45,"column":8},"end":{"line":45,"column":73}},"21":{"start":{"line":49,"column":0},"end":{"line":49,"column":32}}},"fnMap":{"0":{"name":"(anonymous_0)","decl":{"start":{"line":6,"column":44},"end":{"line":6,"column":45}},"loc":{"start":{"line":6,"column":70},"end":{"line":19,"column":1}},"line":6},"1":{"name":"(anonymous_1)","decl":{"start":{"line":22,"column":36},"end":{"line":22,"column":37}},"loc":{"start":{"line":22,"column":62},"end":{"line":33,"column":1}},"line":22},"2":{"name":"(anonymous_2)","decl":{"start":{"line":36,"column":40},"end":{"line":36,"column":41}},"loc":{"start":{"line":36,"column":66},"end":{"line":47,"column":1}},"line":36}},"branchMap":{},"s":{"0":3,"1":3,"2":3,"3":3,"4":1,"5":1,"6":1,"7":1,"8":1,"9":3,"10":2,"11":2,"12":2,"13":2,"14":0,"15":3,"16":1,"17":1,"18":1,"19":1,"20":0,"21":3},"f":{"0":1,"1":2,"2":1},"b":{},"_coverageSchema":"1a1c01bbd47fc00a2c39e90264f33305004495a9","hash":"eeb6e4767c181369148b562ba77c287b9f5c7ea9"}
,"C:\\VSCODE_Personal\\PERN_webdev\\my-fullstack-app\\server\\src\\routes\\search.js": {"path":"C:\\VSCODE_Personal\\PERN_webdev\\my-fullstack-app\\server\\src\\routes\\search.js","statementMap":{"0":{"start":{"line":1,"column":16},"end":{"line":1,"column":34}},"1":{"start":{"line":2,"column":21},"end":{"line":2,"column":37}},"2":{"start":{"line":3,"column":13},"end":{"line":3,"column":38}},"3":{"start":{"line":6,"column":0},"end":{"line":13,"column":3}},"4":{"start":{"line":7,"column":24},"end":{"line":11,"column":5}},"5":{"start":{"line":12,"column":4},"end":{"line":12,"column":43}},"6":{"start":{"line":16,"column":0},"end":{"line":27,"column":3}},"7":{"start":{"line":17,"column":27},"end":{"line":17,"column":37}},"8":{"start":{"line":19,"column":4},"end":{"line":26,"column":5}},"9":{"start":{"line":20,"column":28},"end":{"line":21,"column":41}},"10":{"start":{"line":22,"column":8},"end":{"line":22,"column":57}},"11":{"start":{"line":25,"column":8},"end":{"line":25,"column":74}},"12":{"start":{"line":29,"column":0},"end":{"line":29,"column":30}}},"fnMap":{"0":{"name":"(anonymous_0)","decl":{"start":{"line":6,"column":42},"end":{"line":6,"column":43}},"loc":{"start":{"line":6,"column":68},"end":{"line":13,"column":1}},"line":6},"1":{"name":"(anonymous_1)","decl":{"start":{"line":16,"column":45},"end":{"line":16,"column":46}},"loc":{"start":{"line":16,"column":71},"end":{"line":27,"column":1}},"line":16}},"branchMap":{},"s":{"0":3,"1":3,"2":3,"3":3,"4":1,"5":1,"6":3,"7":1,"8":1,"9":1,"10":1,"11":0,"12":3},"f":{"0":1,"1":1},"b":{},"_coverageSchema":"1a1c01bbd47fc00a2c39e90264f33305004495a9","hash":"279d48cfbebba02c444db3947c501af4728c2ba3"}
,"C:\\VSCODE_Personal\\PERN_webdev\\my-fullstack-app\\server\\src\\routes\\users.js": {"path":"C:\\VSCODE_Personal\\PERN_webdev\\my-fullstack-app\\server\\src\\routes\\users.js","statementMap":{"0":{"start":{"line":1,"column":16},"end":{"line":1,"column":34}},"1":{"start":{"line":2,"column":20},"end":{"line":2,"column":36}},"2":{"start":{"line":3,"column":13},"end":{"line":3,"column":38}},"3":{"start":{"line":4,"column":15},"end":{"line":4,"column":32}},"4":{"start":{"line":5,"column":12},"end":{"line":5,"column":35}},"5":{"start":{"line":6,"column":0},"end":{"line":6,"column":27}},"6":{"start":{"line":7,"column":18},"end":{"line":7,"column":53}},"7":{"start":{"line":10,"column":0},"end":{"line":27,"column":3}},"8":{"start":{"line":11,"column":33},"end":{"line":11,"column":41}},"9":{"start":{"line":14,"column":20},"end":{"line":14,"column":87}},"10":{"start":{"line":15,"column":4},"end":{"line":17,"column":5}},"11":{"start":{"line":16,"column":8},"end":{"line":16,"column":71}},"12":{"start":{"line":20,"column":17},"end":{"line":20,"column":41}},"13":{"start":{"line":21,"column":27},"end":{"line":21,"column":60}},"14":{"start":{"line":23,"column":4},"end":{"line":25,"column":6}},"15":{"start":{"line":26,"column":4},"end":{"line":26,"column":64}},"16":{"start":{"line":30,"column":0},"end":{"line":66,"column":3}},"17":{"start":{"line":31,"column":31},"end":{"line":31,"column":39}},"18":{"start":{"line":33,"column":26},"end":{"line":33,"column":98}},"19":{"start":{"line":34,"column":4},"end":{"line":34,"column":98}},"20":{"start":{"line":34,"column":41},"end":{"line":34,"column":98}},"21":{"start":{"line":36,"column":4},"end":{"line":65,"column":5}},"22":{"start":{"line":38,"column":8},"end":{"line":38,"column":99}},"23":{"start":{"line":40,"column":8},"end":{"line":42,"column":9}},"24":{"start":{"line":41,"column":12},"end":{"line":41,"column":81}},"25":{"start":{"line":44,"column":31},"end":{"line":44,"column":61}},"26":{"start":{"line":46,"column":34},"end":{"line":46,"column":80}},"27":{"start":{"line":47,"column":8},"end":{"line":49,"column":9}},"28":{"start":{"line":48,"column":12},"end":{"line":48,"column":79}},"29":{"start":{"line":52,"column":22},"end":{"line":53,"column":56}},"30":{"start":{"line":54,"column":8},"end":{"line":59,"column":11}},"31":{"start":{"line":61,"column":8},"end":{"line":61,"column":68}},"32":{"start":{"line":64,"column":8},"end":{"line":64,"column":70}},"33":{"start":{"line":69,"column":0},"end":{"line":76,"column":3}},"34":{"start":{"line":70,"column":4},"end":{"line":74,"column":7}},"35":{"start":{"line":75,"column":4},"end":{"line":75,"column":66}},"36":{"start":{"line":79,"column":0},"end":{"line":81,"column":3}},"37":{"start":{"line":80,"column":4},"end":{"line":80,"column":87}},"38":{"start":{"line":84,"column":0},"end":{"line":95,"column":3}},"39":{"start":{"line":85,"column":18},"end":{"line":85,"column":35}},"40":{"start":{"line":86,"column":4},"end":{"line":86,"column":67}},"41":{"start":{"line":86,"column":16},"end":{"line":86,"column":67}},"42":{"start":{"line":88,"column":4},"end":{"line":94,"column":5}},"43":{"start":{"line":89,"column":23},"end":{"line":89,"column":64}},"44":{"start":{"line":90,"column":8},"end":{"line":90,"column":58}},"45":{"start":{"line":93,"column":8},"end":{"line":93,"column":52}},"46":{"start":{"line":97,"column":0},"end":{"line":97,"column":29}}},"fnMap":{"0":{"name":"(anonymous_0)","decl":{"start":{"line":10,"column":30},"end":{"line":10,"column":31}},"loc":{"start":{"line":10,"column":56},"end":{"line":27,"column":1}},"line":10},"1":{"name":"(anonymous_1)","decl":{"start":{"line":30,"column":27},"end":{"line":30,"column":28}},"loc":{"start":{"line":30,"column":53},"end":{"line":66,"column":1}},"line":30},"2":{"name":"(anonymous_2)","decl":{"start":{"line":69,"column":28},"end":{"line":69,"column":29}},"loc":{"start":{"line":69,"column":48},"end":{"line":76,"column":1}},"line":69},"3":{"name":"(anonymous_3)","decl":{"start":{"line":79,"column":44},"end":{"line":79,"column":45}},"loc":{"start":{"line":79,"column":64},"end":{"line":81,"column":1}},"line":79},"4":{"name":"(anonymous_4)","decl":{"start":{"line":84,"column":23},"end":{"line":84,"column":24}},"loc":{"start":{"line":84,"column":49},"end":{"line":95,"column":1}},"line":84}},"branchMap":{"0":{"loc":{"start":{"line":15,"column":4},"end":{"line":17,"column":5}},"type":"if","locations":[{"start":{"line":15,"column":4},"end":{"line":17,"column":5}},{"start":{},"end":{}}],"line":15},"1":{"loc":{"start":{"line":34,"column":4},"end":{"line":34,"column":98}},"type":"if","locations":[{"start":{"line":34,"column":4},"end":{"line":34,"column":98}},{"start":{},"end":{}}],"line":34},"2":{"loc":{"start":{"line":40,"column":8},"end":{"line":42,"column":9}},"type":"if","locations":[{"start":{"line":40,"column":8},"end":{"line":42,"column":9}},{"start":{},"end":{}}],"line":40},"3":{"loc":{"start":{"line":47,"column":8},"end":{"line":49,"column":9}},"type":"if","locations":[{"start":{"line":47,"column":8},"end":{"line":49,"column":9}},{"start":{},"end":{}}],"line":47},"4":{"loc":{"start":{"line":86,"column":4},"end":{"line":86,"column":67}},"type":"if","locations":[{"start":{"line":86,"column":4},"end":{"line":86,"column":67}},{"start":{},"end":{}}],"line":86}},"s":{"0":3,"1":3,"2":3,"3":3,"4":3,"5":3,"6":3,"7":3,"8":3,"9":3,"10":3,"11":1,"12":2,"13":2,"14":2,"15":2,"16":3,"17":6,"18":6,"19":6,"20":1,"21":5,"22":5,"23":5,"24":0,"25":5,"26":5,"27":5,"28":1,"29":4,"30":4,"31":4,"32":0,"33":3,"34":1,"35":1,"36":3,"37":1,"38":3,"39":1,"40":1,"41":0,"42":1,"43":1,"44":1,"45":0,"46":3},"f":{"0":3,"1":6,"2":1,"3":1,"4":1},"b":{"0":[1,2],"1":[1,5],"2":[0,5],"3":[1,4],"4":[0,1]},"_coverageSchema":"1a1c01bbd47fc00a2c39e90264f33305004495a9","hash":"8618f4f4534667d3a7e5a0895afe5f7cf905bd3a"}
}
