TN:
SF:src\app.js
FNF:0
FNH:0
DA:2,3
DA:3,3
DA:4,3
DA:5,3
DA:9,3
DA:10,3
DA:11,3
DA:12,3
DA:15,3
DA:16,3
DA:19,3
DA:20,3
DA:23,3
DA:24,3
DA:26,3
LF:15
LH:15
BRF:0
BRH:0
end_of_record
TN:
SF:src\db\database.js
FNF:0
FNH:0
DA:1,4
DA:2,4
DA:3,4
DA:7,4
DA:15,4
LF:5
LH:5
BRDA:4,0,0,3
BRDA:4,0,1,1
BRF:2
BRH:2
end_of_record
TN:
SF:src\middlewares\authorize.js
FN:4,(anonymous_0)
FNF:1
FNH:1
FNDA:3,(anonymous_0)
DA:1,3
DA:4,3
DA:5,3
DA:6,3
DA:8,2
DA:9,2
DA:10,1
DA:11,1
DA:14,1
DA:18,3
LF:10
LH:10
BRDA:6,0,0,1
BRDA:6,0,1,2
BRF:2
BRH:2
end_of_record
TN:
SF:src\routes\comments.js
FN:6,(anonymous_0)
FN:22,(anonymous_1)
FN:36,(anonymous_2)
FNF:3
FNH:3
FNDA:1,(anonymous_0)
FNDA:2,(anonymous_1)
FNDA:1,(anonymous_2)
DA:1,3
DA:2,3
DA:3,3
DA:6,3
DA:7,1
DA:9,1
DA:10,1
DA:12,1
DA:18,1
DA:22,3
DA:23,2
DA:25,2
DA:26,2
DA:28,2
DA:31,0
DA:36,3
DA:37,1
DA:39,1
DA:40,1
DA:42,1
DA:45,0
DA:49,3
LF:22
LH:20
BRF:0
BRH:0
end_of_record
TN:
SF:src\routes\search.js
FN:6,(anonymous_0)
FN:16,(anonymous_1)
FNF:2
FNH:2
FNDA:1,(anonymous_0)
FNDA:1,(anonymous_1)
DA:1,3
DA:2,3
DA:3,3
DA:6,3
DA:7,1
DA:12,1
DA:16,3
DA:17,1
DA:19,1
DA:20,1
DA:22,1
DA:25,0
DA:29,3
LF:13
LH:12
BRF:0
BRH:0
end_of_record
TN:
SF:src\routes\users.js
FN:10,(anonymous_0)
FN:30,(anonymous_1)
FN:69,(anonymous_2)
FN:79,(anonymous_3)
FN:84,(anonymous_4)
FNF:5
FNH:5
FNDA:3,(anonymous_0)
FNDA:6,(anonymous_1)
FNDA:1,(anonymous_2)
FNDA:1,(anonymous_3)
FNDA:1,(anonymous_4)
DA:1,3
DA:2,3
DA:3,3
DA:4,3
DA:5,3
DA:6,3
DA:7,3
DA:10,3
DA:11,3
DA:14,3
DA:15,3
DA:16,1
DA:20,2
DA:21,2
DA:23,2
DA:26,2
DA:30,3
DA:31,6
DA:33,6
DA:34,6
DA:36,5
DA:38,5
DA:40,5
DA:41,0
DA:44,5
DA:46,5
DA:47,5
DA:48,1
DA:52,4
DA:54,4
DA:61,4
DA:64,0
DA:69,3
DA:70,1
DA:75,1
DA:79,3
DA:80,1
DA:84,3
DA:85,1
DA:86,1
DA:88,1
DA:89,1
DA:90,1
DA:93,0
DA:97,3
LF:45
LH:42
BRDA:15,0,0,1
BRDA:15,0,1,2
BRDA:34,1,0,1
BRDA:34,1,1,5
BRDA:40,2,0,0
BRDA:40,2,1,5
BRDA:47,3,0,1
BRDA:47,3,1,4
BRDA:86,4,0,0
BRDA:86,4,1,1
BRF:10
BRH:8
end_of_record
